<?xml version="1.0" encoding="UTF-8"?>
<testng-results ignored="0" total="5" passed="4" failed="1" skipped="0">
  <reporter-output>
  </reporter-output>
  <suite started-at="2024-10-03T16:51:25 IST" name="Default suite" finished-at="2024-10-03T16:51:40 IST" duration-ms="14939">
    <groups>
    </groups>
    <test started-at="2024-10-03T16:51:25 IST" name="Default test" finished-at="2024-10-03T16:51:40 IST" duration-ms="14939">
      <class name="com.qa.Ordermanagement.Test.DoctorFacilityUserServerOrderTest">
        <test-method is-config="true" signature="startReporter()[pri:0, instance:com.qa.Ordermanagement.Test.DoctorFacilityUserServerOrderTest@1e13529a]" started-at="2024-10-03T16:51:25 IST" name="startReporter" finished-at="2024-10-03T16:51:26 IST" duration-ms="243" status="PASS">
          <reporter-output>
          </reporter-output>
        </test-method> <!-- startReporter -->
        <test-method is-config="true" signature="setup()[pri:0, instance:com.qa.Ordermanagement.Test.DoctorFacilityUserServerOrderTest@1e13529a]" started-at="2024-10-03T16:51:26 IST" name="setup" finished-at="2024-10-03T16:51:29 IST" duration-ms="3040" status="PASS">
          <reporter-output>
          </reporter-output>
        </test-method> <!-- setup -->
        <test-method signature="DoctorFacilityUserLoginTest()[pri:1, instance:com.qa.Ordermanagement.Test.DoctorFacilityUserServerOrderTest@1e13529a]" started-at="2024-10-03T16:51:29 IST" name="DoctorFacilityUserLoginTest" finished-at="2024-10-03T16:51:31 IST" duration-ms="2643" status="PASS">
          <reporter-output>
          </reporter-output>
        </test-method> <!-- DoctorFacilityUserLoginTest -->
        <test-method is-config="true" signature="getResult(org.testng.ITestResult)[pri:0, instance:com.qa.Ordermanagement.Test.DoctorFacilityUserServerOrderTest@1e13529a]" started-at="2024-10-03T16:51:31 IST" name="getResult" finished-at="2024-10-03T16:51:32 IST" duration-ms="246" status="PASS">
          <params>
            <param index="0">
              <value>
                <![CDATA[[TestResult name=DoctorFacilityUserLoginTest status=SUCCESS method=DoctorFacilityUserServerOrderTest.DoctorFacilityUserLoginTest()[pri:1, instance:com.qa.Ordermanagement.Test.DoctorFacilityUserServerOrderTest@1e13529a] output={null}]]]>
              </value>
            </param>
          </params>
          <reporter-output>
          </reporter-output>
        </test-method> <!-- getResult -->
        <test-method signature="clickonNewRequestTest()[pri:2, instance:com.qa.Ordermanagement.Test.DoctorFacilityUserServerOrderTest@1e13529a]" started-at="2024-10-03T16:51:32 IST" name="clickonNewRequestTest" finished-at="2024-10-03T16:51:36 IST" depends-on-methods="com.qa.Ordermanagement.Test.DoctorFacilityUserServerOrderTest.DoctorFacilityUserLoginTest" duration-ms="3916" status="PASS">
          <reporter-output>
          </reporter-output>
        </test-method> <!-- clickonNewRequestTest -->
        <test-method is-config="true" signature="getResult(org.testng.ITestResult)[pri:0, instance:com.qa.Ordermanagement.Test.DoctorFacilityUserServerOrderTest@1e13529a]" started-at="2024-10-03T16:51:36 IST" name="getResult" finished-at="2024-10-03T16:51:36 IST" duration-ms="161" status="PASS">
          <params>
            <param index="0">
              <value>
                <![CDATA[[TestResult name=clickonNewRequestTest status=SUCCESS method=DoctorFacilityUserServerOrderTest.clickonNewRequestTest()[pri:2, instance:com.qa.Ordermanagement.Test.DoctorFacilityUserServerOrderTest@1e13529a] output={null}]]]>
              </value>
            </param>
          </params>
          <reporter-output>
          </reporter-output>
        </test-method> <!-- getResult -->
        <test-method signature="clickonSearchoption()[pri:3, instance:com.qa.Ordermanagement.Test.DoctorFacilityUserServerOrderTest@1e13529a]" started-at="2024-10-03T16:51:36 IST" name="clickonSearchoption" finished-at="2024-10-03T16:51:36 IST" depends-on-methods="com.qa.Ordermanagement.Test.DoctorFacilityUserServerOrderTest.clickonNewRequestTest" duration-ms="239" status="PASS">
          <reporter-output>
          </reporter-output>
        </test-method> <!-- clickonSearchoption -->
        <test-method is-config="true" signature="getResult(org.testng.ITestResult)[pri:0, instance:com.qa.Ordermanagement.Test.DoctorFacilityUserServerOrderTest@1e13529a]" started-at="2024-10-03T16:51:36 IST" name="getResult" finished-at="2024-10-03T16:51:36 IST" duration-ms="188" status="PASS">
          <params>
            <param index="0">
              <value>
                <![CDATA[[TestResult name=clickonSearchoption status=SUCCESS method=DoctorFacilityUserServerOrderTest.clickonSearchoption()[pri:3, instance:com.qa.Ordermanagement.Test.DoctorFacilityUserServerOrderTest@1e13529a] output={null}]]]>
              </value>
            </param>
          </params>
          <reporter-output>
          </reporter-output>
        </test-method> <!-- getResult -->
        <test-method signature="clickonOrderID()[pri:4, instance:com.qa.Ordermanagement.Test.DoctorFacilityUserServerOrderTest@1e13529a]" started-at="2024-10-03T16:51:36 IST" name="clickonOrderID" finished-at="2024-10-03T16:51:39 IST" depends-on-methods="com.qa.Ordermanagement.Test.DoctorFacilityUserServerOrderTest.clickonSearchoption" duration-ms="3150" status="PASS">
          <reporter-output>
          </reporter-output>
        </test-method> <!-- clickonOrderID -->
        <test-method is-config="true" signature="getResult(org.testng.ITestResult)[pri:0, instance:com.qa.Ordermanagement.Test.DoctorFacilityUserServerOrderTest@1e13529a]" started-at="2024-10-03T16:51:39 IST" name="getResult" finished-at="2024-10-03T16:51:39 IST" duration-ms="178" status="PASS">
          <params>
            <param index="0">
              <value>
                <![CDATA[[TestResult name=clickonOrderID status=SUCCESS method=DoctorFacilityUserServerOrderTest.clickonOrderID()[pri:4, instance:com.qa.Ordermanagement.Test.DoctorFacilityUserServerOrderTest@1e13529a] output={null}]]]>
              </value>
            </param>
          </params>
          <reporter-output>
          </reporter-output>
        </test-method> <!-- getResult -->
        <test-method signature="fetchOrderID()[pri:5, instance:com.qa.Ordermanagement.Test.DoctorFacilityUserServerOrderTest@1e13529a]" started-at="2024-10-03T16:51:39 IST" name="fetchOrderID" finished-at="2024-10-03T16:51:40 IST" depends-on-methods="com.qa.Ordermanagement.Test.DoctorFacilityUserServerOrderTest.clickonOrderID" duration-ms="92" status="FAIL">
          <exception class="java.lang.AssertionError">
            <message>
              <![CDATA[expected [OrderID] but found [VIQ-93]]]>
            </message>
            <full-stacktrace>
              <![CDATA[java.lang.AssertionError: expected [OrderID] but found [VIQ-93]
at org.testng.Assert.fail(Assert.java:111)
at org.testng.Assert.failNotEquals(Assert.java:1578)
at org.testng.Assert.assertEqualsImpl(Assert.java:150)
at org.testng.Assert.assertEquals(Assert.java:132)
at org.testng.Assert.assertEquals(Assert.java:656)
at org.testng.Assert.assertEquals(Assert.java:666)
at com.qa.Ordermanagement.Test.DoctorFacilityUserServerOrderTest.fetchOrderID(DoctorFacilityUserServerOrderTest.java:68)
at java.base/jdk.internal.reflect.NativeMethodAccessorImpl.invoke0(Native Method)
at java.base/jdk.internal.reflect.NativeMethodAccessorImpl.invoke(NativeMethodAccessorImpl.java:77)
at java.base/jdk.internal.reflect.DelegatingMethodAccessorImpl.invoke(DelegatingMethodAccessorImpl.java:43)
at java.base/java.lang.reflect.Method.invoke(Method.java:568)
at org.testng.internal.invokers.MethodInvocationHelper.invokeMethod(MethodInvocationHelper.java:139)
at org.testng.internal.invokers.TestInvoker.invokeMethod(TestInvoker.java:664)
at org.testng.internal.invokers.TestInvoker.invokeTestMethod(TestInvoker.java:227)
at org.testng.internal.invokers.MethodRunner.runInSequence(MethodRunner.java:50)
at org.testng.internal.invokers.TestInvoker$MethodInvocationAgent.invoke(TestInvoker.java:957)
at org.testng.internal.invokers.TestInvoker.invokeTestMethods(TestInvoker.java:200)
at org.testng.internal.invokers.TestMethodWorker.invokeTestMethods(TestMethodWorker.java:148)
at org.testng.internal.invokers.TestMethodWorker.run(TestMethodWorker.java:128)
at java.base/java.util.ArrayList.forEach(ArrayList.java:1511)
at org.testng.TestRunner.privateRun(TestRunner.java:848)
at org.testng.TestRunner.run(TestRunner.java:621)
at org.testng.SuiteRunner.runTest(SuiteRunner.java:443)
at org.testng.SuiteRunner.runSequentially(SuiteRunner.java:437)
at org.testng.SuiteRunner.privateRun(SuiteRunner.java:397)
at org.testng.SuiteRunner.run(SuiteRunner.java:336)
at org.testng.SuiteRunnerWorker.runSuite(SuiteRunnerWorker.java:52)
at org.testng.SuiteRunnerWorker.run(SuiteRunnerWorker.java:95)
at org.testng.TestNG.runSuitesSequentially(TestNG.java:1280)
at org.testng.TestNG.runSuitesLocally(TestNG.java:1200)
at org.testng.TestNG.runSuites(TestNG.java:1114)
at org.testng.TestNG.run(TestNG.java:1082)
at org.testng.remote.AbstractRemoteTestNG.run(AbstractRemoteTestNG.java:115)
at org.testng.remote.RemoteTestNG.initAndRun(RemoteTestNG.java:251)
at org.testng.remote.RemoteTestNG.main(RemoteTestNG.java:77)
]]>
            </full-stacktrace>
          </exception> <!-- java.lang.AssertionError -->
          <reporter-output>
          </reporter-output>
        </test-method> <!-- fetchOrderID -->
        <test-method is-config="true" signature="getResult(org.testng.ITestResult)[pri:0, instance:com.qa.Ordermanagement.Test.DoctorFacilityUserServerOrderTest@1e13529a]" started-at="2024-10-03T16:51:40 IST" name="getResult" finished-at="2024-10-03T16:51:40 IST" duration-ms="202" status="PASS">
          <params>
            <param index="0">
              <value>
                <![CDATA[[TestResult name=fetchOrderID status=FAILURE method=DoctorFacilityUserServerOrderTest.fetchOrderID()[pri:5, instance:com.qa.Ordermanagement.Test.DoctorFacilityUserServerOrderTest@1e13529a] output={null}]]]>
              </value>
            </param>
          </params>
          <reporter-output>
          </reporter-output>
        </test-method> <!-- getResult -->
        <test-method is-config="true" signature="tearDown()[pri:0, instance:com.qa.Ordermanagement.Test.DoctorFacilityUserServerOrderTest@1e13529a]" started-at="2024-10-03T16:51:40 IST" name="tearDown" finished-at="2024-10-03T16:51:40 IST" duration-ms="587" status="PASS">
          <reporter-output>
          </reporter-output>
        </test-method> <!-- tearDown -->
      </class> <!-- com.qa.Ordermanagement.Test.DoctorFacilityUserServerOrderTest -->
    </test> <!-- Default test -->
  </suite> <!-- Default suite -->
</testng-results>
